[debug] [2022-05-12T17:15:31.777Z] ----------------------------------------------------------------------
[debug] [2022-05-12T17:15:31.779Z] Command:       C:\Program Files\nodejs\node.exe C:\Users\Mfecane\AppData\Roaming\npm\node_modules\firebase-tools\lib\bin\firebase.js emulators:start --import dump
[debug] [2022-05-12T17:15:31.779Z] CLI Version:   10.7.1
[debug] [2022-05-12T17:15:31.779Z] Platform:      win32
[debug] [2022-05-12T17:15:31.779Z] Node Version:  v16.14.2
[debug] [2022-05-12T17:15:31.780Z] Time:          Thu May 12 2022 20:15:31 GMT+0300 (Москва, стандартное время)
[debug] [2022-05-12T17:15:31.780Z] ----------------------------------------------------------------------
[debug] 
[debug] [2022-05-12T17:15:31.840Z] > command requires scopes: ["email","openid","https://www.googleapis.com/auth/cloudplatformprojects.readonly","https://www.googleapis.com/auth/firebase","https://www.googleapis.com/auth/cloud-platform"]
[debug] [2022-05-12T17:15:31.840Z] > authorizing via signed-in user (aaliapkin@gmail.com)
[info] i  emulators: Starting emulators: hosting {"metadata":{"emulator":{"name":"hub"},"message":"Starting emulators: hosting"}}
[debug] [2022-05-12T17:15:31.855Z] [hub] writing locator at C:\Users\Mfecane\AppData\Local\Temp\hub-shadercity.json
[info] i  emulators: Shutting down emulators. {"metadata":{"emulator":{"name":"hub"},"message":"Shutting down emulators."}}
[info] i  hub: Stopping emulator hub {"metadata":{"emulator":{"name":"hub"},"message":"Stopping emulator hub"}}
[debug] [2022-05-12T17:15:31.864Z] Error: ENOENT: no such file or directory, lstat 'C:\dev\shadercity\dump'
    at Object.lstatSync (node:fs:1516:3)
    at findExportMetadata (C:\Users\Mfecane\AppData\Roaming\npm\node_modules\firebase-tools\lib\emulator\controller.js:178:32)
    at Object.startAll (C:\Users\Mfecane\AppData\Roaming\npm\node_modules\firebase-tools\lib\emulator\controller.js:260:31)
    at processTicksAndRejections (node:internal/process/task_queues:96:5)
    at async Command.actionFn (C:\Users\Mfecane\AppData\Roaming\npm\node_modules\firebase-tools\lib\commands\emulators-start.js:28:35)
[error] 
[error] Error: An unexpected error has occurred.
